#
# A fatal error has been detected by the Java Runtime Environment:
#
#  SIGSEGV (0xb) at pc=0x00000001055ac7bf, pid=2961, tid=15363
#
# JRE version: Java(TM) SE Runtime Environment (9.0+11) (build 9.0.4+11)
# Java VM: Java HotSpot(TM) 64-Bit Server VM (9.0.4+11, mixed mode, tiered, compressed oops, g1 gc, bsd-amd64)
# Problematic frame:
# C  [libjimage.dylib+0x17bf]  ImageStrings::find(Endian*, char const*, int*, unsigned int)+0x57
#
# No core dump will be written. Core dumps have been disabled. To enable core dumping, try "ulimit -c unlimited" before starting Java again
#
# If you would like to submit a bug report, please visit:
#   http://bugreport.java.com/bugreport/crash.jsp
#

---------------  S U M M A R Y ------------

Command Line: -agentlib:jdwp=transport=dt_socket,suspend=y,address=localhost:50766 -javaagent:/Applications/Eclipse.app/Contents/Eclipse/configuration/org.eclipse.osgi/215/0/.cp/lib/javaagent-shaded.jar -Dfile.encoding=UTF-8 com.Main

Host: iMac18,2 x86_64 3400 MHz, 4 cores, 8G, Darwin 18.5.0
Time: Fri Apr 26 21:37:28 2019 CEST elapsed time: 305 seconds (0d 0h 5m 5s)

---------------  T H R E A D  ---------------

Current thread (0x00007fad1b809000):  JavaThread "Signal Dispatcher" daemon [_thread_in_vm, id=15363, stack(0x0000700004d46000,0x0000700004e46000)]

Stack: [0x0000700004d46000,0x0000700004e46000],  sp=0x0000700004e442c0,  free space=1016k
Native frames: (J=compiled Java code, A=aot compiled Java code, j=interpreted, Vv=VM code, C=native code)
C  [libjimage.dylib+0x17bf]  ImageStrings::find(Endian*, char const*, int*, unsigned int)+0x57
C  [libjimage.dylib+0x249d]  ImageFileReader::find_location_index(char const*, unsigned long long*) const+0x3f
C  [libjimage.dylib+0x2831]  JIMAGE_FindResource+0xd7
